Book-Resource/4-AndroidJetpackApplicationGuide/JetpackTest/paging/build/intermediates/manifest_merge_blame_file/debug/manifest-merger-blame-debug-report.txt
1<?xml version="1.0" encoding="utf-8"?>
2<manifest xmlns:android="http://schemas.android.com/apk/res/android"
3    package="com.jinxin.paging"
4    android:versionCode="1"
5    android:versionName="1.0" >
6
7    <uses-sdk
8        android:minSdkVersion="21"
8-->src\main\AndroidManifest.xml
9        android:targetSdkVersion="29" />
9-->src\main\AndroidManifest.xml
10
11    <uses-permission android:name="android.permission.INTERNET" />
11-->src\main\AndroidManifest.xml:5:5-67
11-->src\main\AndroidManifest.xml:5:22-64
12
13    <application android:usesCleartextTraffic="true" >
13-->src\main\AndroidManifest.xml:7:5-12:19
13-->src\main\AndroidManifest.xml:7:18-53
14        <activity android:name="com.jinxin.paging.boundarycallback.BoundaryActivity" />
14-->src\main\AndroidManifest.xml:8:9-80
14-->src\main\AndroidManifest.xml:8:19-68
15        <activity android:name="com.jinxin.paging.itemkeyeddatasrource.ItemKeyedMainActivity" />
15-->src\main\AndroidManifest.xml:9:9-80
15-->src\main\AndroidManifest.xml:9:19-77
16        <activity android:name="com.jinxin.paging.pagekeyeddatasource.PageKeyedActivity" />
16-->src\main\AndroidManifest.xml:10:9-75
16-->src\main\AndroidManifest.xml:10:19-72
17        <activity android:name="com.jinxin.paging.positionaldatasource.PagingMainActivity" />
17-->src\main\AndroidManifest.xml:11:9-77
17-->src\main\AndroidManifest.xml:11:19-74
18    </application>
19
20</manifest>